#
# A fatal error has been detected by the Java Runtime Environment:
#
#  Internal Error (javaClasses.cpp:129), pid=7720, tid=7052
#  fatal error: Invalid layout of preloaded class
#
# JRE version: 7.0_21-b11
# Java VM: Java HotSpot(TM) Client VM (23.21-b01 mixed mode windows-x86 )
# Core dump written. Default location: E:\xf_workspace_android\Calculator\hs_err_pid7720.mdmp
#
# If you would like to submit a bug report, please visit:
#   http://bugreport.sun.com/bugreport/crash.jsp
#

---------------  T H R E A D  ---------------

Current thread (0x00ab8c00):  JavaThread "Unknown thread" [_thread_in_vm, id=7052, stack(0x00b90000,0x00be0000)]

Stack: [0x00b90000,0x00be0000],  sp=0x00bdfb30,  free space=318k
Native frames: (J=compiled Java code, j=interpreted, Vv=VM code, C=native code)
V  [jvm.dll+0x170511]
V  [jvm.dll+0x16a6b6]
V  [jvm.dll+0x2082f]
V  [jvm.dll+0x208b6]
V  [jvm.dll+0x2e5dd]
V  [jvm.dll+0x2e889]
V  [jvm.dll+0x77bd1]
V  [jvm.dll+0x77f8b]
V  [jvm.dll+0x12a1b1]
V  [jvm.dll+0x14ac6a]
V  [jvm.dll+0xa9eef]
C  [javaw.exe+0x13ca]
C  [javaw.exe+0x1e3c]
C  [javaw.exe+0xa5b1]
C  [javaw.exe+0xa63b]
C  [kernel32.dll+0x24829]  GetModuleHandleA+0xdf


---------------  P R O C E S S  ---------------

Java Threads: ( => current thread )

Other Threads:

=>0x00ab8c00 (exited) JavaThread "Unknown thread" [_thread_in_vm, id=7052, stack(0x00b90000,0x00be0000)]

VM state:not at safepoint (not fully initialized)

VM Mutex/Monitor currently owned by a thread: None

GC Heap History (0 events):
No events

Deoptimization events (0 events):
No events

Internal exceptions (0 events):
No events

Events (10 events):
Event: 0.075 loading class 0x00abfbb8 done
Event: 0.075 loading class 0x00abf4f8 done
Event: 0.075 loading class 0x00abf4d0
Event: 0.108 loading class 0x02d0a228
Event: 0.117 loading class 0x02d0a228 done
Event: 0.117 loading class 0x02d0a260
Event: 0.160 loading class 0x02d0a260 done
Event: 0.160 loading class 0x02d0a298
Event: 0.170 loading class 0x02d0a298 done
Event: 0.170 loading class 0x00abf4d0 done


Dynamic libraries:
0x00400000 - 0x0042f000 	E:\王静\jdk1.7.0_21\bin\javaw.exe
0x7c930000 - 0x7ca00000 	C:\WINDOWS\system32\ntdll.dll
0x7c800000 - 0x7c92b000 	C:\WINDOWS\system32\kernel32.dll
0x609c0000 - 0x60a32000 	C:\WINDOWS\System32\SYSFER.DLL
0x77f30000 - 0x77fdb000 	C:\WINDOWS\system32\ADVAPI32.dll
0x77c20000 - 0x77cbf000 	C:\WINDOWS\system32\RPCRT4.dll
0x76eb0000 - 0x76ec3000 	C:\WINDOWS\system32\Secur32.dll
0x77e10000 - 0x77ea0000 	C:\WINDOWS\system32\USER32.dll
0x77bd0000 - 0x77c18000 	C:\WINDOWS\system32\GDI32.dll
0x77cd0000 - 0x77dd3000 	C:\WINDOWS\WinSxS\x86_Microsoft.Windows.Common-Controls_6595b64144ccf1df_6.0.3790.3959_x-ww_D8713E55\COMCTL32.dll
0x77b70000 - 0x77bca000 	C:\WINDOWS\system32\msvcrt.dll
0x77eb0000 - 0x77f02000 	C:\WINDOWS\system32\SHLWAPI.dll
0x76180000 - 0x7619d000 	C:\WINDOWS\system32\IMM32.DLL
0x7f000000 - 0x7f009000 	C:\WINDOWS\system32\LPK.DLL
0x74ae0000 - 0x74b45000 	C:\WINDOWS\system32\USP10.dll
0x78aa0000 - 0x78b5e000 	E:\王静\jdk1.7.0_21\jre\bin\msvcr100.dll
0x6e8c0000 - 0x6ec0f000 	E:\王静\jdk1.7.0_21\jre\bin\client\jvm.dll
0x71b10000 - 0x71b1b000 	C:\WINDOWS\system32\WSOCK32.dll
0x71b60000 - 0x71b77000 	C:\WINDOWS\system32\WS2_32.dll
0x71b50000 - 0x71b58000 	C:\WINDOWS\system32\WS2HELP.dll
0x769e0000 - 0x76a0a000 	C:\WINDOWS\system32\WINMM.dll
0x76ab0000 - 0x76abb000 	C:\WINDOWS\system32\PSAPI.DLL
0x6e810000 - 0x6e81c000 	E:\王静\jdk1.7.0_21\jre\bin\verify.dll
0x6d5a0000 - 0x6d5c0000 	E:\王静\jdk1.7.0_21\jre\bin\java.dll
0x6e8a0000 - 0x6e8b3000 	E:\王静\jdk1.7.0_21\jre\bin\zip.dll
0x6d830000 - 0x6d8d8000 	C:\WINDOWS\system32\DBGHELP.DLL
0x77b60000 - 0x77b68000 	C:\WINDOWS\system32\VERSION.dll

VM Arguments:
jvm_args: -Dfile.encoding=GBK -Xbootclasspath:E:\adt-bundle-windows-x86-20140321\sdk\platforms\android-19\android.jar 
java_command: com.niit.calculator.StringProcess
Launcher Type: SUN_STANDARD

Environment Variables:
JAVA_HOME=C:\Program Files\Java\jdk1.6.0_10
PATH=E:/王静/jdk1.7.0_21/bin/../jre/bin/client;E:/王静/jdk1.7.0_21/bin/../jre/bin;E:/王静/jdk1.7.0_21/bin/../jre/lib/i386;C:\Program Files\Common Files\Microsoft Shared\Windows Live;C:\Program Files\NVIDIA Corporation\PhysX\Common;E:\王静\jdk1.7.0_21\bin;;AVA_HOME/bin;C:\app\Administrator\product\11.2.0\dbhome_1\bin;C:\Program Files\Intel\iCLS Client\;C:\WINDOWS\system32;C:\WINDOWS;C:\WINDOWS\System32\Wbem;JAVAHOME\bin;C:\Program Files\Microsoft SQL Server\80\Tools\Binn\;C:\Program Files\Microsoft SQL Server\90\DTS\Binn\;C:\Program Files\Microsoft SQL Server\90\Tools\binn\;C:\Program Files\Microsoft SQL Server\90\Tools\Binn\VSShell\Common7\IDE\;C:\Program Files\Microsoft Visual Studio 8\Common7\IDE\PrivateAssemblies\;C:\Program Files\Microsoft SQL Server\100\Tools\Binn\;C:\Program Files\Microsoft SQL Server\100\DTS\Binn\;C:\Program Files\Intel\Intel(R) Management Engine Components\DAL;C:\Program Files\Intel\Intel(R) Management Engine Components\IPT;C:\Program Files\Rational\common;C:\Program Files\Common Files\Microsoft Shared\Windows Live;E:\adt-bundle-windows-x86-20140321\eclipse;
USERNAME=Administrator
OS=Windows_NT
PROCESSOR_IDENTIFIER=x86 Family 6 Model 58 Stepping 9, GenuineIntel



---------------  S Y S T E M  ---------------

OS: Windows Server 2003 family Build 3790 Service Pack 2

CPU:total 4 (2 cores per cpu, 2 threads per core) family 6 model 58 stepping 9, cmov, cx8, fxsr, mmx, sse, sse2, sse3, ssse3, sse4.1, sse4.2, popcnt, ht, tsc, tscinvbit, tscinv

Memory: 4k page, physical 4011492k(1362248k free), swap 5937352k(1740680k free)

vm_info: Java HotSpot(TM) Client VM (23.21-b01) for windows-x86 JRE (1.7.0_21-b11), built on Apr  4 2013 04:43:10 by "java_re" with unknown MS VC++:1600

time: Thu Nov 20 19:45:15 2014
elapsed time: 2 seconds

